<?xml version="1.0" encoding="utf-8"?><testsuites name="pytest tests"><testsuite name="pytest" errors="0" failures="0" skipped="0" tests="41" time="2.963" timestamp="2026-09-04T18:13:39.590267+00:00" hostname="agent-env-1a9cc0e4-af2e-44b9-8ac0-20ed2da4c0e1"><testcase classname="tests.backend_test.TestSources" name="test_sources_all_ok" time="1.117" /><testcase classname="tests.backend_test.TestFlowsDaily" name="test_daily_1m" time="0.033" /><testcase classname="tests.backend_test.TestFlowsDaily" name="test_daily_1y_spans_year" time="0.046" /><testcase classname="tests.backend_test.TestFlowsDaily" name="test_daily_ranges[1m]" time="0.029" /><testcase classname="tests.backend_test.TestFlowsDaily" name="test_daily_ranges[3m]" time="0.029" /><testcase classname="tests.backend_test.TestFlowsDaily" name="test_daily_ranges[6m]" time="0.041" /><testcase classname="tests.backend_test.TestFlowsDaily" name="test_daily_ranges[ytd]" time="0.038" /><testcase classname="tests.backend_test.TestFlowsDaily" name="test_daily_ranges[1y]" time="0.040" /><testcase classname="tests.backend_test.TestFlowsStats" name="test_stats" time="0.071" /><testcase classname="tests.backend_test.TestIndices" name="test_indices_6m" time="0.045" /><testcase classname="tests.backend_test.TestCompare" name="test_compare_nifty50_6m" time="0.042" /><testcase classname="tests.backend_test.TestCompare" name="test_compare_all_indices[NIFTY50]" time="0.035" /><testcase classname="tests.backend_test.TestCompare" name="test_compare_all_indices[NIFTY500]" time="0.035" /><testcase classname="tests.backend_test.TestCompare" name="test_compare_all_indices[NIFTYBANK]" time="0.035" /><testcase classname="tests.backend_test.TestCompare" name="test_compare_all_indices[INDIAVIX]" time="0.036" /><testcase classname="tests.backend_test.TestCompare" name="test_compare_all_ranges_no_500[1m]" time="0.032" /><testcase classname="tests.backend_test.TestCompare" name="test_compare_all_ranges_no_500[3m]" time="0.034" /><testcase classname="tests.backend_test.TestCompare" name="test_compare_all_ranges_no_500[6m]" time="0.031" /><testcase classname="tests.backend_test.TestCompare" name="test_compare_all_ranges_no_500[ytd]" time="0.037" /><testcase classname="tests.backend_test.TestCompare" name="test_compare_all_ranges_no_500[1y]" time="0.039" /><testcase classname="tests.backend_test.TestCompare" name="test_compare_invalid_index_400" time="0.066" /><testcase classname="tests.backend_test.TestSectors" name="test_sectors_12_periods" time="0.029" /><testcase classname="tests.backend_test.TestSectors" name="test_sectors_periods_validation" time="0.162" /><testcase classname="tests.backend_test.TestExports" name="test_export_daily_csv" time="0.033" /><testcase classname="tests.backend_test.TestExports" name="test_export_sectors_csv" time="0.026" /><testcase classname="tests.backend_test.TestSectorRotation" name="test_fortnight_count_and_order" time="0.038" /><testcase classname="tests.backend_test.TestSectorRotation" name="test_rows_schema_and_types" time="0.000" /><testcase classname="tests.backend_test.TestSectorRotation" name="test_mapped_sectors_have_numeric_returns" time="0.000" /><testcase classname="tests.backend_test.TestSectorRotation" name="test_mapping_object" time="0.000" /><testcase classname="tests.backend_test.TestSectorRotation" name="test_provenance" time="0.000" /><testcase classname="tests.backend_test.TestSectorRotation" name="test_periods_validation" time="0.159" /><testcase classname="tests.backend_test.TestHoldings" name="test_top_level" time="0.034" /><testcase classname="tests.backend_test.TestHoldings" name="test_stock_schema" time="0.000" /><testcase classname="tests.backend_test.TestHoldings" name="test_sorted_by_qoq_desc" time="0.000" /><testcase classname="tests.backend_test.TestHoldings" name="test_no_mongo_id_and_provenance" time="0.000" /><testcase classname="tests.backend_test.TestFpiDeals" name="test_days_and_ordering" time="0.031" /><testcase classname="tests.backend_test.TestFpiDeals" name="test_items_schema" time="0.000" /><testcase classname="tests.backend_test.TestFpiDeals" name="test_counts_and_provenance" time="0.000" /><testcase classname="tests.backend_test.TestFpiDeals" name="test_days_param" time="0.155" /><testcase classname="tests.backend_test.TestRefresh" name="test_refresh_all" time="0.171" /><testcase classname="tests.backend_test.TestRefresh" name="test_refresh_unknown_source_400" time="0.070" /></testsuite></testsuites>