<?xml version="1.0" encoding="utf-8"?><testsuites name="pytest tests"><testsuite name="pytest" errors="0" failures="0" skipped="0" tests="27" time="1.666" timestamp="2026-09-04T17:22:35.407958+00:00" hostname="agent-env-1a9cc0e4-af2e-44b9-8ac0-20ed2da4c0e1"><testcase classname="tests.backend_test.TestSources" name="test_sources_all_ok" time="0.331" /><testcase classname="tests.backend_test.TestFlowsDaily" name="test_daily_1m" time="0.033" /><testcase classname="tests.backend_test.TestFlowsDaily" name="test_daily_1y_spans_year" time="0.049" /><testcase classname="tests.backend_test.TestFlowsDaily" name="test_daily_ranges[1m]" time="0.026" /><testcase classname="tests.backend_test.TestFlowsDaily" name="test_daily_ranges[3m]" time="0.031" /><testcase classname="tests.backend_test.TestFlowsDaily" name="test_daily_ranges[6m]" time="0.039" /><testcase classname="tests.backend_test.TestFlowsDaily" name="test_daily_ranges[ytd]" time="0.039" /><testcase classname="tests.backend_test.TestFlowsDaily" name="test_daily_ranges[1y]" time="0.047" /><testcase classname="tests.backend_test.TestFlowsStats" name="test_stats" time="0.072" /><testcase classname="tests.backend_test.TestIndices" name="test_indices_6m" time="0.039" /><testcase classname="tests.backend_test.TestCompare" name="test_compare_nifty50_6m" time="0.031" /><testcase classname="tests.backend_test.TestCompare" name="test_compare_all_indices[NIFTY50]" time="0.035" /><testcase classname="tests.backend_test.TestCompare" name="test_compare_all_indices[NIFTY500]" time="0.034" /><testcase classname="tests.backend_test.TestCompare" name="test_compare_all_indices[NIFTYBANK]" time="0.035" /><testcase classname="tests.backend_test.TestCompare" name="test_compare_all_indices[INDIAVIX]" time="0.040" /><testcase classname="tests.backend_test.TestCompare" name="test_compare_all_ranges_no_500[1m]" time="0.031" /><testcase classname="tests.backend_test.TestCompare" name="test_compare_all_ranges_no_500[3m]" time="0.030" /><testcase classname="tests.backend_test.TestCompare" name="test_compare_all_ranges_no_500[6m]" time="0.032" /><testcase classname="tests.backend_test.TestCompare" name="test_compare_all_ranges_no_500[ytd]" time="0.035" /><testcase classname="tests.backend_test.TestCompare" name="test_compare_all_ranges_no_500[1y]" time="0.035" /><testcase classname="tests.backend_test.TestCompare" name="test_compare_invalid_index_400" time="0.067" /><testcase classname="tests.backend_test.TestSectors" name="test_sectors_12_periods" time="0.031" /><testcase classname="tests.backend_test.TestSectors" name="test_sectors_periods_validation" time="0.162" /><testcase classname="tests.backend_test.TestExports" name="test_export_daily_csv" time="0.032" /><testcase classname="tests.backend_test.TestExports" name="test_export_sectors_csv" time="0.029" /><testcase classname="tests.backend_test.TestRefresh" name="test_refresh_all" time="0.168" /><testcase classname="tests.backend_test.TestRefresh" name="test_refresh_unknown_source_400" time="0.070" /></testsuite></testsuites>